0 info it worked if it ends with ok
1 verbose cli [ '/Users/jianruan/.nvm/versions/node/v6.9.3/bin/node',
1 verbose cli   '/Users/jianruan/.nvm/versions/node/v6.9.3/bin/npm',
1 verbose cli   'run',
1 verbose cli   'babel-node',
1 verbose cli   'app.js' ]
2 info using npm@3.10.10
3 info using node@v6.9.3
4 verbose run-script [ 'prebabel-node', 'babel-node', 'postbabel-node' ]
5 info lifecycle MAS@1.0.0~prebabel-node: MAS@1.0.0
6 silly lifecycle MAS@1.0.0~prebabel-node: no script for prebabel-node, continuing
7 info lifecycle MAS@1.0.0~babel-node: MAS@1.0.0
8 verbose lifecycle MAS@1.0.0~babel-node: unsafe-perm in lifecycle true
9 verbose lifecycle MAS@1.0.0~babel-node: PATH: /Users/jianruan/.nvm/versions/node/v6.9.3/lib/node_modules/npm/bin/node-gyp-bin:/Users/jianruan/Developer/MAS/node_modules/.bin:/Users/jianruan/.nvm/versions/node/v6.9.3/bin:/Users/jianruan/.cabal/bin:/Applications/ghc-7.8.4.app/Contents/bin:/usr/local/bin:/Applications/oracle/product/instantclient_64/11.2.0.4.0/bin:/usr/bin:/bin:/usr/sbin:/sbin:/usr/local/bin:/Library/TeX/texbin/:/Applications/Postgres.app/Contents/Versions/latest/bin
10 verbose lifecycle MAS@1.0.0~babel-node: CWD: /Users/jianruan/Developer/MAS
11 silly lifecycle MAS@1.0.0~babel-node: Args: [ '-c', 'babel-node "app.js"' ]
12 silly lifecycle MAS@1.0.0~babel-node: Returned: code: 1  signal: null
13 info lifecycle MAS@1.0.0~babel-node: Failed to exec babel-node script
14 verbose stack Error: MAS@1.0.0 babel-node: `babel-node "app.js"`
14 verbose stack Exit status 1
14 verbose stack     at EventEmitter.<anonymous> (/Users/jianruan/.nvm/versions/node/v6.9.3/lib/node_modules/npm/lib/utils/lifecycle.js:255:16)
14 verbose stack     at emitTwo (events.js:106:13)
14 verbose stack     at EventEmitter.emit (events.js:191:7)
14 verbose stack     at ChildProcess.<anonymous> (/Users/jianruan/.nvm/versions/node/v6.9.3/lib/node_modules/npm/lib/utils/spawn.js:40:14)
14 verbose stack     at emitTwo (events.js:106:13)
14 verbose stack     at ChildProcess.emit (events.js:191:7)
14 verbose stack     at maybeClose (internal/child_process.js:877:16)
14 verbose stack     at Process.ChildProcess._handle.onexit (internal/child_process.js:226:5)
15 verbose pkgid MAS@1.0.0
16 verbose cwd /Users/jianruan/Developer/MAS
17 error Darwin 16.4.0
18 error argv "/Users/jianruan/.nvm/versions/node/v6.9.3/bin/node" "/Users/jianruan/.nvm/versions/node/v6.9.3/bin/npm" "run" "babel-node" "app.js"
19 error node v6.9.3
20 error npm  v3.10.10
21 error code ELIFECYCLE
22 error MAS@1.0.0 babel-node: `babel-node "app.js"`
22 error Exit status 1
23 error Failed at the MAS@1.0.0 babel-node script 'babel-node "app.js"'.
23 error Make sure you have the latest version of node.js and npm installed.
23 error If you do, this is most likely a problem with the MAS package,
23 error not with npm itself.
23 error Tell the author that this fails on your system:
23 error     babel-node "app.js"
23 error You can get information on how to open an issue for this project with:
23 error     npm bugs MAS
23 error Or if that isn't available, you can get their info via:
23 error     npm owner ls MAS
23 error There is likely additional logging output above.
24 verbose exit [ 1, true ]
